{"name":"hexo","hostname":"lifengdeMacBook-Pro.local","pid":12686,"level":20,"msg":"Writing database to /Users/lifeng/CoderX/blog/db.json","time":"2019-09-30T08:54:22.711Z","v":0}
{"name":"hexo","hostname":"lifengdeMacBook-Pro.local","pid":12686,"level":20,"msg":"Hexo version: \u001b[35m3.9.0\u001b[39m","time":"2019-09-30T08:54:22.738Z","v":0}
{"name":"hexo","hostname":"lifengdeMacBook-Pro.local","pid":12686,"level":20,"msg":"Working directory: \u001b[35m~/CoderX/blog/\u001b[39m","time":"2019-09-30T08:54:22.739Z","v":0}
{"name":"hexo","hostname":"lifengdeMacBook-Pro.local","pid":12686,"level":20,"msg":"Config loaded: \u001b[35m~/CoderX/blog/_config.yml\u001b[39m","time":"2019-09-30T08:54:22.875Z","v":0}
{"name":"hexo","hostname":"lifengdeMacBook-Pro.local","pid":12686,"level":20,"msg":"Plugin loaded: \u001b[35mhexo-deployer-git\u001b[39m","time":"2019-09-30T08:54:22.929Z","v":0}
{"name":"hexo","hostname":"lifengdeMacBook-Pro.local","pid":12686,"level":20,"msg":"Plugin loaded: \u001b[35mhexo-generator-archive\u001b[39m","time":"2019-09-30T08:54:22.931Z","v":0}
{"name":"hexo","hostname":"lifengdeMacBook-Pro.local","pid":12686,"level":20,"msg":"Plugin loaded: \u001b[35mhexo-generator-category\u001b[39m","time":"2019-09-30T08:54:22.932Z","v":0}
{"name":"hexo","hostname":"lifengdeMacBook-Pro.local","pid":12686,"level":20,"msg":"Plugin loaded: \u001b[35mhexo-generator-tag\u001b[39m","time":"2019-09-30T08:54:22.933Z","v":0}
{"name":"hexo","hostname":"lifengdeMacBook-Pro.local","pid":12686,"level":20,"msg":"Plugin loaded: \u001b[35mhexo-renderer-ejs\u001b[39m","time":"2019-09-30T08:54:22.936Z","v":0}
{"name":"hexo","hostname":"lifengdeMacBook-Pro.local","pid":12686,"level":20,"msg":"Plugin loaded: \u001b[35mhexo-server\u001b[39m","time":"2019-09-30T08:54:22.974Z","v":0}
{"name":"hexo","hostname":"lifengdeMacBook-Pro.local","pid":12686,"level":20,"msg":"Plugin loaded: \u001b[35mhexo-renderer-marked\u001b[39m","time":"2019-09-30T08:54:22.980Z","v":0}
{"name":"hexo","hostname":"lifengdeMacBook-Pro.local","pid":12686,"level":20,"msg":"Plugin loaded: \u001b[35mhexo-generator-index\u001b[39m","time":"2019-09-30T08:54:22.982Z","v":0}
{"name":"hexo","hostname":"lifengdeMacBook-Pro.local","pid":12686,"level":20,"msg":"Plugin loaded: \u001b[35mhexo-renderer-stylus\u001b[39m","time":"2019-09-30T08:54:22.984Z","v":0}
{"name":"hexo","hostname":"lifengdeMacBook-Pro.local","pid":12686,"level":20,"msg":"Script loaded: \u001b[35mthemes/landscape/scripts/fancybox.js\u001b[39m","time":"2019-09-30T08:54:22.987Z","v":0}
{"name":"hexo","hostname":"lifengdeMacBook-Pro.local","pid":12686,"level":20,"msg":"Loading database.","time":"2019-09-30T08:54:22.994Z","v":0}
{"name":"hexo","hostname":"lifengdeMacBook-Pro.local","pid":12686,"level":30,"msg":"Start processing","time":"2019-09-30T08:54:23.032Z","v":0}
{"name":"hexo","hostname":"lifengdeMacBook-Pro.local","pid":12686,"level":20,"msg":"Processed: \u001b[35m_posts/Java注解.md\u001b[39m","time":"2019-09-30T08:54:23.077Z","v":0}
{"name":"hexo","hostname":"lifengdeMacBook-Pro.local","pid":12686,"level":20,"msg":"Processed: \u001b[35m_posts/hello-world.md\u001b[39m","time":"2019-09-30T08:54:23.077Z","v":0}
{"name":"hexo","hostname":"lifengdeMacBook-Pro.local","pid":12686,"level":20,"msg":"Theme config loaded.","time":"2019-09-30T08:54:23.108Z","v":0}
{"name":"hexo","hostname":"lifengdeMacBook-Pro.local","pid":12686,"level":20,"msg":"Processed: \u001b[35m_config.yml\u001b[39m","time":"2019-09-30T08:54:23.109Z","v":0}
{"name":"hexo","hostname":"lifengdeMacBook-Pro.local","pid":12686,"level":20,"msg":"Processed: \u001b[35msource/css/style.styl\u001b[39m","time":"2019-09-30T08:54:23.114Z","v":0}
{"name":"hexo","hostname":"lifengdeMacBook-Pro.local","pid":12686,"level":20,"msg":"Processed: \u001b[35msource/fancybox/blank.gif\u001b[39m","time":"2019-09-30T08:54:23.115Z","v":0}
{"name":"hexo","hostname":"lifengdeMacBook-Pro.local","pid":12686,"level":20,"msg":"Processed: \u001b[35msource/fancybox/fancybox_loading.gif\u001b[39m","time":"2019-09-30T08:54:23.115Z","v":0}
{"name":"hexo","hostname":"lifengdeMacBook-Pro.local","pid":12686,"level":20,"msg":"Processed: \u001b[35msource/fancybox/fancybox_loading@2x.gif\u001b[39m","time":"2019-09-30T08:54:23.115Z","v":0}
{"name":"hexo","hostname":"lifengdeMacBook-Pro.local","pid":12686,"level":20,"msg":"Processed: \u001b[35msource/fancybox/fancybox_sprite.png\u001b[39m","time":"2019-09-30T08:54:23.115Z","v":0}
{"name":"hexo","hostname":"lifengdeMacBook-Pro.local","pid":12686,"level":20,"msg":"Processed: \u001b[35msource/fancybox/fancybox_overlay.png\u001b[39m","time":"2019-09-30T08:54:23.116Z","v":0}
{"name":"hexo","hostname":"lifengdeMacBook-Pro.local","pid":12686,"level":20,"msg":"Processed: \u001b[35msource/fancybox/fancybox_sprite@2x.png\u001b[39m","time":"2019-09-30T08:54:23.116Z","v":0}
{"name":"hexo","hostname":"lifengdeMacBook-Pro.local","pid":12686,"level":20,"msg":"Processed: \u001b[35msource/fancybox/jquery.fancybox.css\u001b[39m","time":"2019-09-30T08:54:23.116Z","v":0}
{"name":"hexo","hostname":"lifengdeMacBook-Pro.local","pid":12686,"level":20,"msg":"Processed: \u001b[35msource/fancybox/jquery.fancybox.js\u001b[39m","time":"2019-09-30T08:54:23.116Z","v":0}
{"name":"hexo","hostname":"lifengdeMacBook-Pro.local","pid":12686,"level":20,"msg":"Processed: \u001b[35msource/fancybox/jquery.fancybox.pack.js\u001b[39m","time":"2019-09-30T08:54:23.116Z","v":0}
{"name":"hexo","hostname":"lifengdeMacBook-Pro.local","pid":12686,"level":20,"msg":"Processed: \u001b[35msource/js/script.js\u001b[39m","time":"2019-09-30T08:54:23.117Z","v":0}
{"name":"hexo","hostname":"lifengdeMacBook-Pro.local","pid":12686,"level":20,"msg":"Processed: \u001b[35mlayout/archive.ejs\u001b[39m","time":"2019-09-30T08:54:23.128Z","v":0}
{"name":"hexo","hostname":"lifengdeMacBook-Pro.local","pid":12686,"level":20,"msg":"Processed: \u001b[35mlayout/category.ejs\u001b[39m","time":"2019-09-30T08:54:23.128Z","v":0}
{"name":"hexo","hostname":"lifengdeMacBook-Pro.local","pid":12686,"level":20,"msg":"Processed: \u001b[35mlayout/index.ejs\u001b[39m","time":"2019-09-30T08:54:23.128Z","v":0}
{"name":"hexo","hostname":"lifengdeMacBook-Pro.local","pid":12686,"level":20,"msg":"Processed: \u001b[35mlayout/layout.ejs\u001b[39m","time":"2019-09-30T08:54:23.128Z","v":0}
{"name":"hexo","hostname":"lifengdeMacBook-Pro.local","pid":12686,"level":20,"msg":"Processed: \u001b[35mlayout/page.ejs\u001b[39m","time":"2019-09-30T08:54:23.128Z","v":0}
{"name":"hexo","hostname":"lifengdeMacBook-Pro.local","pid":12686,"level":20,"msg":"Processed: \u001b[35mlayout/post.ejs\u001b[39m","time":"2019-09-30T08:54:23.129Z","v":0}
{"name":"hexo","hostname":"lifengdeMacBook-Pro.local","pid":12686,"level":20,"msg":"Processed: \u001b[35mlayout/tag.ejs\u001b[39m","time":"2019-09-30T08:54:23.129Z","v":0}
{"name":"hexo","hostname":"lifengdeMacBook-Pro.local","pid":12686,"level":20,"msg":"Processed: \u001b[35mlanguages/default.yml\u001b[39m","time":"2019-09-30T08:54:23.130Z","v":0}
{"name":"hexo","hostname":"lifengdeMacBook-Pro.local","pid":12686,"level":20,"msg":"Processed: \u001b[35mlanguages/de.yml\u001b[39m","time":"2019-09-30T08:54:23.131Z","v":0}
{"name":"hexo","hostname":"lifengdeMacBook-Pro.local","pid":12686,"level":20,"msg":"Processed: \u001b[35mlanguages/es.yml\u001b[39m","time":"2019-09-30T08:54:23.131Z","v":0}
{"name":"hexo","hostname":"lifengdeMacBook-Pro.local","pid":12686,"level":20,"msg":"Processed: \u001b[35mlanguages/fr.yml\u001b[39m","time":"2019-09-30T08:54:23.131Z","v":0}
{"name":"hexo","hostname":"lifengdeMacBook-Pro.local","pid":12686,"level":20,"msg":"Processed: \u001b[35mlanguages/ko.yml\u001b[39m","time":"2019-09-30T08:54:23.131Z","v":0}
{"name":"hexo","hostname":"lifengdeMacBook-Pro.local","pid":12686,"level":20,"msg":"Processed: \u001b[35mlanguages/ja.yml\u001b[39m","time":"2019-09-30T08:54:23.131Z","v":0}
{"name":"hexo","hostname":"lifengdeMacBook-Pro.local","pid":12686,"level":20,"msg":"Processed: \u001b[35mlanguages/nl.yml\u001b[39m","time":"2019-09-30T08:54:23.131Z","v":0}
{"name":"hexo","hostname":"lifengdeMacBook-Pro.local","pid":12686,"level":20,"msg":"Processed: \u001b[35mlanguages/no.yml\u001b[39m","time":"2019-09-30T08:54:23.131Z","v":0}
{"name":"hexo","hostname":"lifengdeMacBook-Pro.local","pid":12686,"level":20,"msg":"Processed: \u001b[35mlanguages/ru.yml\u001b[39m","time":"2019-09-30T08:54:23.131Z","v":0}
{"name":"hexo","hostname":"lifengdeMacBook-Pro.local","pid":12686,"level":20,"msg":"Processed: \u001b[35mlanguages/pt.yml\u001b[39m","time":"2019-09-30T08:54:23.131Z","v":0}
{"name":"hexo","hostname":"lifengdeMacBook-Pro.local","pid":12686,"level":20,"msg":"Processed: \u001b[35mlanguages/zh-CN.yml\u001b[39m","time":"2019-09-30T08:54:23.131Z","v":0}
{"name":"hexo","hostname":"lifengdeMacBook-Pro.local","pid":12686,"level":20,"msg":"Processed: \u001b[35mlanguages/zh-TW.yml\u001b[39m","time":"2019-09-30T08:54:23.131Z","v":0}
{"name":"hexo","hostname":"lifengdeMacBook-Pro.local","pid":12686,"level":20,"msg":"Processed: \u001b[35msource/css/fonts/FontAwesome.otf\u001b[39m","time":"2019-09-30T08:54:23.138Z","v":0}
{"name":"hexo","hostname":"lifengdeMacBook-Pro.local","pid":12686,"level":20,"msg":"Processed: \u001b[35msource/css/fonts/fontawesome-webfont.eot\u001b[39m","time":"2019-09-30T08:54:23.138Z","v":0}
{"name":"hexo","hostname":"lifengdeMacBook-Pro.local","pid":12686,"level":20,"msg":"Processed: \u001b[35msource/css/fonts/fontawesome-webfont.woff\u001b[39m","time":"2019-09-30T08:54:23.138Z","v":0}
{"name":"hexo","hostname":"lifengdeMacBook-Pro.local","pid":12686,"level":20,"msg":"Processed: \u001b[35msource/fancybox/helpers/fancybox_buttons.png\u001b[39m","time":"2019-09-30T08:54:23.139Z","v":0}
{"name":"hexo","hostname":"lifengdeMacBook-Pro.local","pid":12686,"level":20,"msg":"Processed: \u001b[35msource/fancybox/helpers/jquery.fancybox-buttons.css\u001b[39m","time":"2019-09-30T08:54:23.139Z","v":0}
{"name":"hexo","hostname":"lifengdeMacBook-Pro.local","pid":12686,"level":20,"msg":"Processed: \u001b[35msource/fancybox/helpers/jquery.fancybox-buttons.js\u001b[39m","time":"2019-09-30T08:54:23.139Z","v":0}
{"name":"hexo","hostname":"lifengdeMacBook-Pro.local","pid":12686,"level":20,"msg":"Processed: \u001b[35msource/fancybox/helpers/jquery.fancybox-media.js\u001b[39m","time":"2019-09-30T08:54:23.139Z","v":0}
{"name":"hexo","hostname":"lifengdeMacBook-Pro.local","pid":12686,"level":20,"msg":"Processed: \u001b[35msource/fancybox/helpers/jquery.fancybox-thumbs.css\u001b[39m","time":"2019-09-30T08:54:23.139Z","v":0}
{"name":"hexo","hostname":"lifengdeMacBook-Pro.local","pid":12686,"level":20,"msg":"Processed: \u001b[35msource/fancybox/helpers/jquery.fancybox-thumbs.js\u001b[39m","time":"2019-09-30T08:54:23.140Z","v":0}
{"name":"hexo","hostname":"lifengdeMacBook-Pro.local","pid":12686,"level":20,"msg":"Processed: \u001b[35mlayout/_partial/after-footer.ejs\u001b[39m","time":"2019-09-30T08:54:23.148Z","v":0}
{"name":"hexo","hostname":"lifengdeMacBook-Pro.local","pid":12686,"level":20,"msg":"Processed: \u001b[35mlayout/_partial/archive-post.ejs\u001b[39m","time":"2019-09-30T08:54:23.149Z","v":0}
{"name":"hexo","hostname":"lifengdeMacBook-Pro.local","pid":12686,"level":20,"msg":"Processed: \u001b[35mlayout/_partial/archive.ejs\u001b[39m","time":"2019-09-30T08:54:23.149Z","v":0}
{"name":"hexo","hostname":"lifengdeMacBook-Pro.local","pid":12686,"level":20,"msg":"Processed: \u001b[35mlayout/_partial/article.ejs\u001b[39m","time":"2019-09-30T08:54:23.149Z","v":0}
{"name":"hexo","hostname":"lifengdeMacBook-Pro.local","pid":12686,"level":20,"msg":"Processed: \u001b[35mlayout/_partial/footer.ejs\u001b[39m","time":"2019-09-30T08:54:23.149Z","v":0}
{"name":"hexo","hostname":"lifengdeMacBook-Pro.local","pid":12686,"level":20,"msg":"Processed: \u001b[35mlayout/_partial/google-analytics.ejs\u001b[39m","time":"2019-09-30T08:54:23.149Z","v":0}
{"name":"hexo","hostname":"lifengdeMacBook-Pro.local","pid":12686,"level":20,"msg":"Processed: \u001b[35mlayout/_partial/gauges-analytics.ejs\u001b[39m","time":"2019-09-30T08:54:23.149Z","v":0}
{"name":"hexo","hostname":"lifengdeMacBook-Pro.local","pid":12686,"level":20,"msg":"Processed: \u001b[35mlayout/_partial/head.ejs\u001b[39m","time":"2019-09-30T08:54:23.149Z","v":0}
{"name":"hexo","hostname":"lifengdeMacBook-Pro.local","pid":12686,"level":20,"msg":"Processed: \u001b[35mlayout/_partial/mobile-nav.ejs\u001b[39m","time":"2019-09-30T08:54:23.149Z","v":0}
{"name":"hexo","hostname":"lifengdeMacBook-Pro.local","pid":12686,"level":20,"msg":"Processed: \u001b[35mlayout/_partial/sidebar.ejs\u001b[39m","time":"2019-09-30T08:54:23.149Z","v":0}
{"name":"hexo","hostname":"lifengdeMacBook-Pro.local","pid":12686,"level":20,"msg":"Processed: \u001b[35mlayout/_partial/header.ejs\u001b[39m","time":"2019-09-30T08:54:23.149Z","v":0}
{"name":"hexo","hostname":"lifengdeMacBook-Pro.local","pid":12686,"level":20,"msg":"Processed: \u001b[35mlayout/_widget/archive.ejs\u001b[39m","time":"2019-09-30T08:54:23.149Z","v":0}
{"name":"hexo","hostname":"lifengdeMacBook-Pro.local","pid":12686,"level":20,"msg":"Processed: \u001b[35mlayout/_widget/category.ejs\u001b[39m","time":"2019-09-30T08:54:23.149Z","v":0}
{"name":"hexo","hostname":"lifengdeMacBook-Pro.local","pid":12686,"level":20,"msg":"Processed: \u001b[35mlayout/_widget/tag.ejs\u001b[39m","time":"2019-09-30T08:54:23.149Z","v":0}
{"name":"hexo","hostname":"lifengdeMacBook-Pro.local","pid":12686,"level":20,"msg":"Processed: \u001b[35mlayout/_widget/recent_posts.ejs\u001b[39m","time":"2019-09-30T08:54:23.149Z","v":0}
{"name":"hexo","hostname":"lifengdeMacBook-Pro.local","pid":12686,"level":20,"msg":"Processed: \u001b[35mlayout/_widget/tagcloud.ejs\u001b[39m","time":"2019-09-30T08:54:23.149Z","v":0}
{"name":"hexo","hostname":"lifengdeMacBook-Pro.local","pid":12686,"level":20,"msg":"Processed: \u001b[35msource/css/fonts/fontawesome-webfont.ttf\u001b[39m","time":"2019-09-30T08:54:23.150Z","v":0}
{"name":"hexo","hostname":"lifengdeMacBook-Pro.local","pid":12686,"level":20,"msg":"Processed: \u001b[35mlayout/_partial/post/date.ejs\u001b[39m","time":"2019-09-30T08:54:23.153Z","v":0}
{"name":"hexo","hostname":"lifengdeMacBook-Pro.local","pid":12686,"level":20,"msg":"Processed: \u001b[35mlayout/_partial/post/gallery.ejs\u001b[39m","time":"2019-09-30T08:54:23.153Z","v":0}
{"name":"hexo","hostname":"lifengdeMacBook-Pro.local","pid":12686,"level":20,"msg":"Processed: \u001b[35mlayout/_partial/post/category.ejs\u001b[39m","time":"2019-09-30T08:54:23.153Z","v":0}
{"name":"hexo","hostname":"lifengdeMacBook-Pro.local","pid":12686,"level":20,"msg":"Processed: \u001b[35mlayout/_partial/post/tag.ejs\u001b[39m","time":"2019-09-30T08:54:23.153Z","v":0}
{"name":"hexo","hostname":"lifengdeMacBook-Pro.local","pid":12686,"level":20,"msg":"Processed: \u001b[35mlayout/_partial/post/title.ejs\u001b[39m","time":"2019-09-30T08:54:23.153Z","v":0}
{"name":"hexo","hostname":"lifengdeMacBook-Pro.local","pid":12686,"level":20,"msg":"Processed: \u001b[35mlayout/_partial/post/nav.ejs\u001b[39m","time":"2019-09-30T08:54:23.153Z","v":0}
{"name":"hexo","hostname":"lifengdeMacBook-Pro.local","pid":12686,"level":20,"msg":"Processed: \u001b[35msource/css/fonts/fontawesome-webfont.svg\u001b[39m","time":"2019-09-30T08:54:23.154Z","v":0}
{"name":"hexo","hostname":"lifengdeMacBook-Pro.local","pid":12686,"level":20,"msg":"Processed: \u001b[35msource/css/images/banner.jpg\u001b[39m","time":"2019-09-30T08:54:23.155Z","v":0}
{"name":"hexo","hostname":"lifengdeMacBook-Pro.local","pid":12686,"level":20,"msg":"Generator: \u001b[35mpage\u001b[39m","time":"2019-09-30T08:54:23.179Z","v":0}
{"name":"hexo","hostname":"lifengdeMacBook-Pro.local","pid":12686,"level":20,"msg":"Generator: \u001b[35mpost\u001b[39m","time":"2019-09-30T08:54:23.179Z","v":0}
{"name":"hexo","hostname":"lifengdeMacBook-Pro.local","pid":12686,"level":20,"msg":"Generator: \u001b[35marchive\u001b[39m","time":"2019-09-30T08:54:23.179Z","v":0}
{"name":"hexo","hostname":"lifengdeMacBook-Pro.local","pid":12686,"level":20,"msg":"Generator: \u001b[35mcategory\u001b[39m","time":"2019-09-30T08:54:23.180Z","v":0}
{"name":"hexo","hostname":"lifengdeMacBook-Pro.local","pid":12686,"level":20,"msg":"Generator: \u001b[35mtag\u001b[39m","time":"2019-09-30T08:54:23.180Z","v":0}
{"name":"hexo","hostname":"lifengdeMacBook-Pro.local","pid":12686,"level":20,"msg":"Generator: \u001b[35mindex\u001b[39m","time":"2019-09-30T08:54:23.180Z","v":0}
{"name":"hexo","hostname":"lifengdeMacBook-Pro.local","pid":12686,"level":20,"msg":"Generator: \u001b[35masset\u001b[39m","time":"2019-09-30T08:54:23.181Z","v":0}
{"name":"hexo","hostname":"lifengdeMacBook-Pro.local","pid":12686,"level":30,"msg":"Hexo is running at \u001b[4mhttp://localhost:4000\u001b[24m . Press Ctrl+C to stop.","time":"2019-09-30T08:54:23.184Z","v":0}
{"name":"hexo","hostname":"lifengdeMacBook-Pro.local","pid":12686,"level":20,"msg":"Database saved","time":"2019-09-30T08:54:23.198Z","v":0}
{"name":"hexo","hostname":"lifengdeMacBook-Pro.local","pid":12686,"level":20,"msg":"Rendering HTML index: \u001b[35mindex.html\u001b[39m","time":"2019-09-30T08:54:27.056Z","v":0}
{"name":"hexo","hostname":"lifengdeMacBook-Pro.local","pid":12686,"level":50,"err":{"message":"/Users/lifeng/CoderX/blog/themes/next/source/css/main.styl:15:11\n   11| // --------------------------------------------------\n   12| for $variable in $variables\n   13|   @import \"_variables/\" + $variable;\n   14| for $inject_variable in hexo-config('injects.variable')\n   15|   @import $inject_variable;\n-----------------^\n   16| \n   17| // Mixins Layer\n   18| // --------------------------------------------------\n\n@import string expected\n","name":"Error","stack":"Error: /Users/lifeng/CoderX/blog/themes/next/source/css/main.styl:15:11\n   11| // --------------------------------------------------\n   12| for $variable in $variables\n   13|   @import \"_variables/\" + $variable;\n   14| for $inject_variable in hexo-config('injects.variable')\n   15|   @import $inject_variable;\n-----------------^\n   16| \n   17| // Mixins Layer\n   18| // --------------------------------------------------\n\n@import string expected\n\n    at Evaluator.visitImport (/Users/lifeng/CoderX/blog/node_modules/stylus/lib/visitor/evaluator.js:887:27)\n    at Evaluator.Visitor.visit (/Users/lifeng/CoderX/blog/node_modules/stylus/lib/visitor/index.js:28:40)\n    at Evaluator.visit (/Users/lifeng/CoderX/blog/node_modules/stylus/lib/visitor/evaluator.js:160:18)\n    at Evaluator.visitBlock (/Users/lifeng/CoderX/blog/node_modules/stylus/lib/visitor/evaluator.js:720:39)\n    at Evaluator.Visitor.visit (/Users/lifeng/CoderX/blog/node_modules/stylus/lib/visitor/index.js:28:40)\n    at Evaluator.visit (/Users/lifeng/CoderX/blog/node_modules/stylus/lib/visitor/evaluator.js:160:18)\n    at visitBody (/Users/lifeng/CoderX/blog/node_modules/stylus/lib/visitor/evaluator.js:433:17)\n    at Evaluator.visitEach (/Users/lifeng/CoderX/blog/node_modules/stylus/lib/visitor/evaluator.js:449:7)\n    at Evaluator.Visitor.visit (/Users/lifeng/CoderX/blog/node_modules/stylus/lib/visitor/index.js:28:40)\n    at Evaluator.visit (/Users/lifeng/CoderX/blog/node_modules/stylus/lib/visitor/evaluator.js:160:18)\n    at Evaluator.visitRoot (/Users/lifeng/CoderX/blog/node_modules/stylus/lib/visitor/evaluator.js:707:27)\n    at Evaluator.Visitor.visit (/Users/lifeng/CoderX/blog/node_modules/stylus/lib/visitor/index.js:28:40)\n    at Evaluator.visit (/Users/lifeng/CoderX/blog/node_modules/stylus/lib/visitor/evaluator.js:160:18)\n    at Evaluator.evaluate (/Users/lifeng/CoderX/blog/node_modules/stylus/lib/visitor/evaluator.js:247:15)\n    at Renderer.render (/Users/lifeng/CoderX/blog/node_modules/stylus/lib/renderer.js:86:26)\n    at Hexo.module.exports (/Users/lifeng/CoderX/blog/node_modules/hexo-renderer-stylus/lib/renderer.js:53:6)\n    at Hexo.tryCatcher (/Users/lifeng/CoderX/blog/node_modules/bluebird/js/release/util.js:16:23)\n    at Hexo.ret (eval at makeNodePromisifiedEval (/usr/local/cnnode/10.8.0/lib/node_modules/hexo-cli/node_modules/bluebird/js/release/promisify.js:184:12), <anonymous>:13:39)\n    at Promise.then.text (/Users/lifeng/CoderX/blog/node_modules/hexo/lib/hexo/render.js:60:20)\n    at tryCatcher (/Users/lifeng/CoderX/blog/node_modules/bluebird/js/release/util.js:16:23)\n    at Promise._settlePromiseFromHandler (/Users/lifeng/CoderX/blog/node_modules/bluebird/js/release/promise.js:517:31)\n    at Promise._settlePromise (/Users/lifeng/CoderX/blog/node_modules/bluebird/js/release/promise.js:574:18)"},"msg":"Asset render failed: \u001b[35mcss/main.css\u001b[39m","time":"2019-09-30T08:54:27.352Z","v":0}
{"name":"hexo","hostname":"lifengdeMacBook-Pro.local","pid":12686,"level":20,"msg":"Rendering HTML index: \u001b[35mindex.html\u001b[39m","time":"2019-09-30T08:54:51.845Z","v":0}
{"name":"hexo","hostname":"lifengdeMacBook-Pro.local","pid":12686,"level":30,"msg":"Farewell","time":"2019-09-30T08:54:59.537Z","v":0}
{"name":"hexo","hostname":"lifengdeMacBook-Pro.local","pid":12686,"level":20,"msg":"Database saved","time":"2019-09-30T08:54:59.572Z","v":0}
